c:\users\james\documents\fanshawe\huzzah\debug\bulletphysicswrapper.lib
c:\users\james\documents\fanshawe\huzzah\debug\bulletphysicswrapper.exp
c:\users\james\documents\fanshawe\huzzah\bulletphysicswrapper\debug\vc142.pdb
c:\users\james\documents\fanshawe\huzzah\bulletphysicswrapper\debug\vc142.idb
c:\users\james\documents\fanshawe\huzzah\bulletphysicswrapper\debug\btconvexhull.obj
c:\users\james\documents\fanshawe\huzzah\bulletphysicswrapper\debug\btalignedallocator.obj
c:\users\james\documents\fanshawe\huzzah\bulletphysicswrapper\debug\btthreadsupportwin32.obj
c:\users\james\documents\fanshawe\huzzah\bulletphysicswrapper\debug\btthreadsupportposix.obj
c:\users\james\documents\fanshawe\huzzah\bulletphysicswrapper\debug\btvector3.obj
c:\users\james\documents\fanshawe\huzzah\bulletphysicswrapper\debug\btthreads.obj
c:\users\james\documents\fanshawe\huzzah\bulletphysicswrapper\debug\btserializer64.obj
c:\users\james\documents\fanshawe\huzzah\bulletphysicswrapper\debug\btserializer.obj
c:\users\james\documents\fanshawe\huzzah\bulletphysicswrapper\debug\btquickprof.obj
c:\users\james\documents\fanshawe\huzzah\bulletphysicswrapper\debug\btpolardecomposition.obj
c:\users\james\documents\fanshawe\huzzah\bulletphysicswrapper\debug\btgeometryutil.obj
c:\users\james\documents\fanshawe\huzzah\bulletphysicswrapper\debug\btconvexhullcomputer.obj
c:\users\james\documents\fanshawe\huzzah\bulletphysicswrapper\debug\btcompoundcompoundcollisionalgorithm.obj
c:\users\james\documents\fanshawe\huzzah\bulletphysicswrapper\debug\btcompoundcollisionalgorithm.obj
c:\users\james\documents\fanshawe\huzzah\bulletphysicswrapper\debug\btcollisionworldimporter.obj
c:\users\james\documents\fanshawe\huzzah\bulletphysicswrapper\debug\btcollisionworld.obj
c:\users\james\documents\fanshawe\huzzah\bulletphysicswrapper\debug\btcollisionobject.obj
c:\users\james\documents\fanshawe\huzzah\bulletphysicswrapper\debug\btcollisiondispatchermt.obj
c:\users\james\documents\fanshawe\huzzah\bulletphysicswrapper\debug\btcollisiondispatcher.obj
c:\users\james\documents\fanshawe\huzzah\bulletphysicswrapper\debug\btboxboxdetector.obj
c:\users\james\documents\fanshawe\huzzah\bulletphysicswrapper\debug\btboxboxcollisionalgorithm.obj
c:\users\james\documents\fanshawe\huzzah\bulletphysicswrapper\debug\btbox2dbox2dcollisionalgorithm.obj
c:\users\james\documents\fanshawe\huzzah\bulletphysicswrapper\debug\btactivatingcollisionalgorithm.obj
c:\users\james\documents\fanshawe\huzzah\bulletphysicswrapper\debug\btsimplebroadphase.obj
c:\users\james\documents\fanshawe\huzzah\bulletphysicswrapper\debug\btquantizedbvh.obj
c:\users\james\documents\fanshawe\huzzah\bulletphysicswrapper\debug\btoverlappingpaircache.obj
c:\users\james\documents\fanshawe\huzzah\bulletphysicswrapper\debug\btdispatcher.obj
c:\users\james\documents\fanshawe\huzzah\bulletphysicswrapper\debug\btdbvtbroadphase.obj
c:\users\james\documents\fanshawe\huzzah\bulletphysicswrapper\debug\btdbvt.obj
c:\users\james\documents\fanshawe\huzzah\bulletphysicswrapper\debug\btcollisionalgorithm.obj
c:\users\james\documents\fanshawe\huzzah\bulletphysicswrapper\debug\btbroadphaseproxy.obj
c:\users\james\documents\fanshawe\huzzah\bulletphysicswrapper\debug\btaxissweep3.obj
c:\users\james\documents\fanshawe\huzzah\bulletphysicswrapper\debug\btcapsuleshape.obj
c:\users\james\documents\fanshawe\huzzah\bulletphysicswrapper\debug\btbvhtrianglemeshshape.obj
c:\users\james\documents\fanshawe\huzzah\bulletphysicswrapper\debug\btboxshape.obj
c:\users\james\documents\fanshawe\huzzah\bulletphysicswrapper\debug\btbox2dshape.obj
c:\users\james\documents\fanshawe\huzzah\bulletphysicswrapper\debug\spheretriangledetector.obj
c:\users\james\documents\fanshawe\huzzah\bulletphysicswrapper\debug\btunionfind.obj
c:\users\james\documents\fanshawe\huzzah\bulletphysicswrapper\debug\btspheretrianglecollisionalgorithm.obj
c:\users\james\documents\fanshawe\huzzah\bulletphysicswrapper\debug\btspherespherecollisionalgorithm.obj
c:\users\james\documents\fanshawe\huzzah\bulletphysicswrapper\debug\btsphereboxcollisionalgorithm.obj
c:\users\james\documents\fanshawe\huzzah\bulletphysicswrapper\debug\btsimulationislandmanager.obj
c:\users\james\documents\fanshawe\huzzah\bulletphysicswrapper\debug\btmanifoldresult.obj
c:\users\james\documents\fanshawe\huzzah\bulletphysicswrapper\debug\btinternaledgeutility.obj
c:\users\james\documents\fanshawe\huzzah\bulletphysicswrapper\debug\bthashedsimplepaircache.obj
c:\users\james\documents\fanshawe\huzzah\bulletphysicswrapper\debug\btghostobject.obj
c:\users\james\documents\fanshawe\huzzah\bulletphysicswrapper\debug\btemptycollisionalgorithm.obj
c:\users\james\documents\fanshawe\huzzah\bulletphysicswrapper\debug\btdefaultcollisionconfiguration.obj
c:\users\james\documents\fanshawe\huzzah\bulletphysicswrapper\debug\btconvexplanecollisionalgorithm.obj
c:\users\james\documents\fanshawe\huzzah\bulletphysicswrapper\debug\btconvexconvexalgorithm.obj
c:\users\james\documents\fanshawe\huzzah\bulletphysicswrapper\debug\btconvexconcavecollisionalgorithm.obj
c:\users\james\documents\fanshawe\huzzah\bulletphysicswrapper\debug\btconvex2dconvex2dalgorithm.obj
c:\users\james\documents\fanshawe\huzzah\bulletphysicswrapper\debug\btpolyhedralconvexshape.obj
c:\users\james\documents\fanshawe\huzzah\bulletphysicswrapper\debug\btoptimizedbvh.obj
c:\users\james\documents\fanshawe\huzzah\bulletphysicswrapper\debug\btmultisphereshape.obj
c:\users\james\documents\fanshawe\huzzah\bulletphysicswrapper\debug\btmultimaterialtrianglemeshshape.obj
c:\users\james\documents\fanshawe\huzzah\bulletphysicswrapper\debug\btminkowskisumshape.obj
c:\users\james\documents\fanshawe\huzzah\bulletphysicswrapper\debug\btminisdf.obj
c:\users\james\documents\fanshawe\huzzah\bulletphysicswrapper\debug\btheightfieldterrainshape.obj
c:\users\james\documents\fanshawe\huzzah\bulletphysicswrapper\debug\btemptyshape.obj
c:\users\james\documents\fanshawe\huzzah\bulletphysicswrapper\debug\btcylindershape.obj
c:\users\james\documents\fanshawe\huzzah\bulletphysicswrapper\debug\btconvextrianglemeshshape.obj
c:\users\james\documents\fanshawe\huzzah\bulletphysicswrapper\debug\btconvexshape.obj
c:\users\james\documents\fanshawe\huzzah\bulletphysicswrapper\debug\btconvexpolyhedron.obj
c:\users\james\documents\fanshawe\huzzah\bulletphysicswrapper\debug\btconvexpointcloudshape.obj
c:\users\james\documents\fanshawe\huzzah\bulletphysicswrapper\debug\btconvexinternalshape.obj
c:\users\james\documents\fanshawe\huzzah\bulletphysicswrapper\debug\btconvexhullshape.obj
c:\users\james\documents\fanshawe\huzzah\bulletphysicswrapper\debug\btconvex2dshape.obj
c:\users\james\documents\fanshawe\huzzah\bulletphysicswrapper\debug\btconeshape.obj
c:\users\james\documents\fanshawe\huzzah\bulletphysicswrapper\debug\btconcaveshape.obj
c:\users\james\documents\fanshawe\huzzah\bulletphysicswrapper\debug\btcompoundshape.obj
c:\users\james\documents\fanshawe\huzzah\bulletphysicswrapper\debug\btcollisionshape.obj
c:\users\james\documents\fanshawe\huzzah\bulletphysicswrapper\debug\btgimpactshape.obj
c:\users\james\documents\fanshawe\huzzah\bulletphysicswrapper\debug\btgimpactquantizedbvh.obj
c:\users\james\documents\fanshawe\huzzah\bulletphysicswrapper\debug\btgimpactcollisionalgorithm.obj
c:\users\james\documents\fanshawe\huzzah\bulletphysicswrapper\debug\btgimpactbvh.obj
c:\users\james\documents\fanshawe\huzzah\bulletphysicswrapper\debug\btgenericpoolallocator.obj
c:\users\james\documents\fanshawe\huzzah\bulletphysicswrapper\debug\btcontactprocessing.obj
c:\users\james\documents\fanshawe\huzzah\bulletphysicswrapper\debug\btuniformscalingshape.obj
c:\users\james\documents\fanshawe\huzzah\bulletphysicswrapper\debug\bttrianglemeshshape.obj
c:\users\james\documents\fanshawe\huzzah\bulletphysicswrapper\debug\bttrianglemesh.obj
c:\users\james\documents\fanshawe\huzzah\bulletphysicswrapper\debug\bttriangleindexvertexmaterialarray.obj
c:\users\james\documents\fanshawe\huzzah\bulletphysicswrapper\debug\bttriangleindexvertexarray.obj
c:\users\james\documents\fanshawe\huzzah\bulletphysicswrapper\debug\bttrianglecallback.obj
c:\users\james\documents\fanshawe\huzzah\bulletphysicswrapper\debug\bttrianglebuffer.obj
c:\users\james\documents\fanshawe\huzzah\bulletphysicswrapper\debug\bttetrahedronshape.obj
c:\users\james\documents\fanshawe\huzzah\bulletphysicswrapper\debug\btstridingmeshinterface.obj
c:\users\james\documents\fanshawe\huzzah\bulletphysicswrapper\debug\btstaticplaneshape.obj
c:\users\james\documents\fanshawe\huzzah\bulletphysicswrapper\debug\btsphereshape.obj
c:\users\james\documents\fanshawe\huzzah\bulletphysicswrapper\debug\btshapehull.obj
c:\users\james\documents\fanshawe\huzzah\bulletphysicswrapper\debug\btsdfcollisionshape.obj
c:\users\james\documents\fanshawe\huzzah\bulletphysicswrapper\debug\btscaledbvhtrianglemeshshape.obj
c:\users\james\documents\fanshawe\huzzah\bulletphysicswrapper\debug\btconetwistconstraint.obj
c:\users\james\documents\fanshawe\huzzah\bulletphysicswrapper\debug\btbatchedconstraints.obj
c:\users\james\documents\fanshawe\huzzah\bulletphysicswrapper\debug\btkinematiccharactercontroller.obj
c:\users\james\documents\fanshawe\huzzah\bulletphysicswrapper\debug\btvoronoisimplexsolver.obj
c:\users\james\documents\fanshawe\huzzah\bulletphysicswrapper\debug\btsubsimplexconvexcast.obj
c:\users\james\documents\fanshawe\huzzah\bulletphysicswrapper\debug\btraycastcallback.obj
c:\users\james\documents\fanshawe\huzzah\bulletphysicswrapper\debug\btpolyhedralcontactclipping.obj
c:\users\james\documents\fanshawe\huzzah\bulletphysicswrapper\debug\btpersistentmanifold.obj
c:\users\james\documents\fanshawe\huzzah\bulletphysicswrapper\debug\btminkowskipenetrationdepthsolver.obj
c:\users\james\documents\fanshawe\huzzah\bulletphysicswrapper\debug\btgjkpairdetector.obj
c:\users\james\documents\fanshawe\huzzah\bulletphysicswrapper\debug\btgjkepapenetrationdepthsolver.obj
c:\users\james\documents\fanshawe\huzzah\bulletphysicswrapper\debug\btgjkepa2.obj
c:\users\james\documents\fanshawe\huzzah\bulletphysicswrapper\debug\btgjkconvexcast.obj
c:\users\james\documents\fanshawe\huzzah\bulletphysicswrapper\debug\btconvexcast.obj
c:\users\james\documents\fanshawe\huzzah\bulletphysicswrapper\debug\btcontinuousconvexcollision.obj
c:\users\james\documents\fanshawe\huzzah\bulletphysicswrapper\debug\gim_tri_collision.obj
c:\users\james\documents\fanshawe\huzzah\bulletphysicswrapper\debug\gim_memory.obj
c:\users\james\documents\fanshawe\huzzah\bulletphysicswrapper\debug\gim_contact.obj
c:\users\james\documents\fanshawe\huzzah\bulletphysicswrapper\debug\gim_box_set.obj
c:\users\james\documents\fanshawe\huzzah\bulletphysicswrapper\debug\bttriangleshapeex.obj
c:\users\james\documents\fanshawe\huzzah\bulletphysicswrapper\debug\btsimpledynamicsworld.obj
c:\users\james\documents\fanshawe\huzzah\bulletphysicswrapper\debug\btrigidbody.obj
c:\users\james\documents\fanshawe\huzzah\bulletphysicswrapper\debug\btdiscretedynamicsworldmt.obj
c:\users\james\documents\fanshawe\huzzah\bulletphysicswrapper\debug\btdiscretedynamicsworld.obj
c:\users\james\documents\fanshawe\huzzah\bulletphysicswrapper\debug\btuniversalconstraint.obj
c:\users\james\documents\fanshawe\huzzah\bulletphysicswrapper\debug\bttypedconstraint.obj
c:\users\james\documents\fanshawe\huzzah\bulletphysicswrapper\debug\btsolve2linearconstraint.obj
c:\users\james\documents\fanshawe\huzzah\bulletphysicswrapper\debug\btsliderconstraint.obj
c:\users\james\documents\fanshawe\huzzah\bulletphysicswrapper\debug\btsequentialimpulseconstraintsolvermt.obj
c:\users\james\documents\fanshawe\huzzah\bulletphysicswrapper\debug\btsequentialimpulseconstraintsolver.obj
c:\users\james\documents\fanshawe\huzzah\bulletphysicswrapper\debug\btpoint2pointconstraint.obj
c:\users\james\documents\fanshawe\huzzah\bulletphysicswrapper\debug\btnncgconstraintsolver.obj
c:\users\james\documents\fanshawe\huzzah\bulletphysicswrapper\debug\bthingeconstraint.obj
c:\users\james\documents\fanshawe\huzzah\bulletphysicswrapper\debug\bthinge2constraint.obj
c:\users\james\documents\fanshawe\huzzah\bulletphysicswrapper\debug\btgeneric6dofspringconstraint.obj
c:\users\james\documents\fanshawe\huzzah\bulletphysicswrapper\debug\btgeneric6dofspring2constraint.obj
c:\users\james\documents\fanshawe\huzzah\bulletphysicswrapper\debug\btgeneric6dofconstraint.obj
c:\users\james\documents\fanshawe\huzzah\bulletphysicswrapper\debug\btgearconstraint.obj
c:\users\james\documents\fanshawe\huzzah\bulletphysicswrapper\debug\btfixedconstraint.obj
c:\users\james\documents\fanshawe\huzzah\bulletphysicswrapper\debug\btcontactconstraint.obj
c:\users\james\documents\fanshawe\huzzah\bulletphysicswrapper\debug\btwheelinfo.obj
c:\users\james\documents\fanshawe\huzzah\bulletphysicswrapper\debug\btraycastvehicle.obj
c:\users\james\documents\fanshawe\huzzah\bulletphysicswrapper\debug\btmlcpsolver.obj
c:\users\james\documents\fanshawe\huzzah\bulletphysicswrapper\debug\btlemkealgorithm.obj
c:\users\james\documents\fanshawe\huzzah\bulletphysicswrapper\debug\btdantziglcp.obj
c:\users\james\documents\fanshawe\huzzah\bulletphysicswrapper\debug\btmultibodysphericaljointmotor.obj
c:\users\james\documents\fanshawe\huzzah\bulletphysicswrapper\debug\btmultibodysliderconstraint.obj
c:\users\james\documents\fanshawe\huzzah\bulletphysicswrapper\debug\btmultibodypoint2point.obj
c:\users\james\documents\fanshawe\huzzah\bulletphysicswrapper\debug\btmultibodymlcpconstraintsolver.obj
c:\users\james\documents\fanshawe\huzzah\bulletphysicswrapper\debug\btmultibodyjointmotor.obj
c:\users\james\documents\fanshawe\huzzah\bulletphysicswrapper\debug\btmultibodyjointlimitconstraint.obj
c:\users\james\documents\fanshawe\huzzah\bulletphysicswrapper\debug\btmultibodygearconstraint.obj
c:\users\james\documents\fanshawe\huzzah\bulletphysicswrapper\debug\btmultibodyfixedconstraint.obj
c:\users\james\documents\fanshawe\huzzah\bulletphysicswrapper\debug\btmultibodydynamicsworld.obj
c:\users\james\documents\fanshawe\huzzah\bulletphysicswrapper\debug\btmultibodyconstraintsolver.obj
c:\users\james\documents\fanshawe\huzzah\bulletphysicswrapper\debug\btmultibodyconstraint.obj
c:\users\james\documents\fanshawe\huzzah\bulletphysicswrapper\debug\btmultibody.obj
c:\users\james\documents\fanshawe\huzzah\bulletphysicswrapper\debug\btsimulationislandmanagermt.obj
c:\users\james\documents\fanshawe\huzzah\bulletphysicswrapper\debug\bttaskscheduler.obj
c:\users\james\documents\fanshawe\huzzah\debug\bulletphysicswrapper.dll
c:\users\james\documents\fanshawe\huzzah\debug\bulletphysicswrapper.ilk
c:\users\james\documents\fanshawe\huzzah\debug\bulletphysicswrapper.pdb
c:\users\james\documents\fanshawe\huzzah\bulletphysicswrapper\debug\bulletph.4bd120e5.tlog\bulletphysicswrapper.write.1u.tlog
c:\users\james\documents\fanshawe\huzzah\bulletphysicswrapper\debug\bulletph.4bd120e5.tlog\cl.command.1.tlog
c:\users\james\documents\fanshawe\huzzah\bulletphysicswrapper\debug\bulletph.4bd120e5.tlog\cl.read.1.tlog
c:\users\james\documents\fanshawe\huzzah\bulletphysicswrapper\debug\bulletph.4bd120e5.tlog\cl.write.1.tlog
c:\users\james\documents\fanshawe\huzzah\bulletphysicswrapper\debug\bulletph.4bd120e5.tlog\link.command.1.tlog
c:\users\james\documents\fanshawe\huzzah\bulletphysicswrapper\debug\bulletph.4bd120e5.tlog\link.read.1.tlog
c:\users\james\documents\fanshawe\huzzah\bulletphysicswrapper\debug\bulletph.4bd120e5.tlog\link.write.1.tlog
